2024-08-15 07:54:49,448 - WARNING -  * Debugger is active!
2024-08-15 07:54:49,448 - INFO -  * Debugger PIN: 141-997-609
2024-08-15 07:54:58,153 - INFO - Cookies loaded successfully
2024-08-15 07:55:00,814 - INFO - Login successful
2024-08-15 07:55:00,814 - INFO - Attempting to send message to olajide.alameen
2024-08-15 07:55:13,392 - ERROR - Error sending message to olajide.alameen: Page.wait_for_selector: Timeout 10000ms exceeded.
Call log:
waiting for locator("div[role=\"button\"]:has-text(\"Message\")") to be visible

2024-08-15 07:55:13,603 - INFO - Screenshot saved: screenshots/message_error_olajide.alameen_20240815_075513.png
2024-08-15 07:55:20,757 - INFO - Cookies loaded successfully
2024-08-15 07:55:23,328 - INFO - Login successful
2024-08-15 07:55:23,328 - INFO - Attempting to send message to olajide.alameen
2024-08-15 07:55:27,643 - INFO - [31m[1mWARNING: This is a development server. Do not use it in a production deployment. Use a production WSGI server instead.[0m
 * Running on http://127.0.0.1:5000
2024-08-15 07:55:27,644 - INFO - [33mPress CTRL+C to quit[0m
2024-08-15 07:55:27,644 - INFO -  * Restarting with stat
2024-08-15 07:55:27,911 - WARNING -  * Debugger is active!
2024-08-15 07:55:27,912 - INFO -  * Debugger PIN: 141-997-609
2024-08-15 07:55:33,752 - INFO - 127.0.0.1 - - [15/Aug/2024 07:55:33] "GET / HTTP/1.1" 200 -
2024-08-15 07:55:46,203 - INFO - Cookies loaded successfully
2024-08-15 07:55:48,729 - INFO - Login successful
2024-08-15 07:55:48,730 - INFO - Attempting to send message to alexlikesbiz
2024-08-15 07:56:01,046 - ERROR - Error sending message to alexlikesbiz: Page.wait_for_selector: Timeout 10000ms exceeded.
Call log:
waiting for locator("div[role=\"button\"]:has-text(\"Message\")") to be visible

2024-08-15 07:56:01,142 - INFO - Screenshot saved: screenshots/message_error_alexlikesbiz_20240815_075601.png
2024-08-15 07:56:17,291 - INFO - 
Summary:
2024-08-15 07:56:17,291 - INFO - Successfully sent messages to: []
2024-08-15 07:56:17,292 - INFO - Failed to send messages to: ['alexlikesbiz']
2024-08-15 07:56:17,310 - INFO - 127.0.0.1 - - [15/Aug/2024 07:56:17] "POST /send_messages HTTP/1.1" 200 -
2024-08-15 07:56:18,965 - INFO - Cookies loaded successfully
2024-08-15 07:56:21,967 - INFO - Login successful
2024-08-15 07:56:21,968 - INFO - Attempting to send message to alexlikesbiz
2024-08-15 07:56:34,253 - ERROR - Error sending message to alexlikesbiz: Page.wait_for_selector: Timeout 10000ms exceeded.
Call log:
waiting for locator("div[role=\"button\"]:has-text(\"Message\")") to be visible

2024-08-15 07:56:34,405 - INFO - Screenshot saved: screenshots/message_error_alexlikesbiz_20240815_075634.png
2024-08-15 07:56:49,491 - INFO - 
Summary:
2024-08-15 07:56:49,492 - INFO - Successfully sent messages to: []
2024-08-15 07:56:49,492 - INFO - Failed to send messages to: ['alexlikesbiz']
2024-08-15 07:56:49,501 - INFO - 127.0.0.1 - - [15/Aug/2024 07:56:49] "POST /send_messages HTTP/1.1" 200 -
2024-08-15 07:58:50,991 - INFO -  * Detected change in '/workspaces/dms/flask/send.py', reloading
2024-08-15 07:58:51,044 - INFO -  * Restarting with stat
2024-08-15 07:58:51,472 - WARNING -  * Debugger is active!
2024-08-15 07:58:51,473 - INFO -  * Debugger PIN: 141-997-609
2024-08-15 07:59:59,760 - INFO - 127.0.0.1 - - [15/Aug/2024 07:59:59] "GET / HTTP/1.1" 200 -
2024-08-15 08:00:22,252 - INFO - Cookies loaded successfully
2024-08-15 08:00:24,898 - INFO - Login successful
2024-08-15 08:00:27,360 - INFO - Login verified successfully. Proceeding with messaging.
2024-08-15 08:00:27,360 - INFO - Attempting to send message to alexlikesbiz
2024-08-15 08:00:39,812 - ERROR - Error sending message to alexlikesbiz: Page.wait_for_selector: Timeout 10000ms exceeded.
Call log:
waiting for locator("div[role=\"button\"]:has-text(\"Message\")") to be visible

2024-08-15 08:00:39,915 - INFO - Screenshot saved: screenshots/message_error_alexlikesbiz_20240815_080039.png
2024-08-15 08:00:50,315 - INFO - 
Summary:
2024-08-15 08:00:50,316 - INFO - Successfully sent messages to: []
2024-08-15 08:00:50,316 - INFO - Failed to send messages to: ['alexlikesbiz']
2024-08-15 08:00:50,323 - INFO - 127.0.0.1 - - [15/Aug/2024 08:00:50] "POST /send_messages HTTP/1.1" 200 -
2024-08-15 08:02:08,919 - INFO -  * Detected change in '/workspaces/dms/flask/send.py', reloading
2024-08-15 08:02:09,073 - INFO -  * Restarting with stat
2024-08-15 08:02:09,499 - WARNING -  * Debugger is active!
2024-08-15 08:02:09,500 - INFO -  * Debugger PIN: 141-997-609
2024-08-15 08:02:17,837 - INFO -  * Detected change in '/workspaces/dms/flask/send.py', reloading
2024-08-15 08:02:17,889 - INFO -  * Restarting with stat
2024-08-15 08:02:18,279 - WARNING -  * Debugger is active!
2024-08-15 08:02:18,280 - INFO -  * Debugger PIN: 141-997-609
2024-08-15 08:02:27,990 - INFO - Cookies loaded successfully
2024-08-15 08:02:31,536 - INFO - Login successful
2024-08-15 08:02:34,059 - INFO - Login verified successfully. Proceeding with messaging.
2024-08-15 08:02:34,059 - INFO - Attempting to send message to alexlikesbiz
2024-08-15 08:03:06,690 - ERROR - Error sending message to alexlikesbiz: Page.wait_for_selector: Timeout 30000ms exceeded.
Call log:
waiting for locator("div[role=\"button\"]:has-text(\"Message\")") to be visible

2024-08-15 08:03:06,886 - INFO - Screenshot saved: screenshots/message_error_alexlikesbiz_20240815_080306.png
2024-08-15 08:03:18,804 - INFO - 
Summary:
2024-08-15 08:03:18,805 - INFO - Successfully sent messages to: []
2024-08-15 08:03:18,805 - INFO - Failed to send messages to: ['alexlikesbiz']
2024-08-15 08:03:18,812 - INFO - 127.0.0.1 - - [15/Aug/2024 08:03:18] "POST /send_messages HTTP/1.1" 200 -
2024-08-15 08:03:57,961 - INFO -  * Detected change in '/workspaces/dms/flask/send.py', reloading
2024-08-15 08:03:58,024 - INFO -  * Restarting with stat
2024-08-15 08:03:58,497 - WARNING -  * Debugger is active!
2024-08-15 08:03:58,497 - INFO -  * Debugger PIN: 141-997-609
2024-08-15 08:04:01,784 - INFO -  * Detected change in '/workspaces/dms/flask/send.py', reloading
2024-08-15 08:04:01,835 - INFO -  * Restarting with stat
2024-08-15 08:04:02,255 - WARNING -  * Debugger is active!
2024-08-15 08:04:02,255 - INFO -  * Debugger PIN: 141-997-609
2024-08-15 08:04:05,856 - INFO -  * Detected change in '/workspaces/dms/flask/send.py', reloading
2024-08-15 08:04:05,964 - INFO -  * Restarting with stat
2024-08-15 08:04:06,422 - WARNING -  * Debugger is active!
2024-08-15 08:04:06,423 - INFO -  * Debugger PIN: 141-997-609
2024-08-15 08:04:09,696 - INFO -  * Detected change in '/workspaces/dms/flask/send.py', reloading
2024-08-15 08:04:09,746 - INFO -  * Restarting with stat
2024-08-15 08:04:10,210 - WARNING -  * Debugger is active!
2024-08-15 08:04:10,210 - INFO -  * Debugger PIN: 141-997-609
2024-08-15 08:04:14,887 - INFO -  * Detected change in '/workspaces/dms/flask/send.py', reloading
2024-08-15 08:04:14,958 - INFO -  * Restarting with stat
2024-08-15 08:04:15,443 - WARNING -  * Debugger is active!
2024-08-15 08:04:15,443 - INFO -  * Debugger PIN: 141-997-609
2024-08-15 08:04:19,829 - INFO - Cookies loaded successfully
2024-08-15 08:04:22,963 - INFO - Login successful
2024-08-15 08:04:25,854 - INFO - Login verified successfully. Proceeding with messaging.
2024-08-15 08:04:25,855 - INFO - Attempting to send message to alexlikesbiz
2024-08-15 08:05:59,453 - ERROR - Error sending message to alexlikesbiz: Page.wait_for_selector: Timeout 90000ms exceeded.
Call log:
waiting for locator("div[role=\"button\"]:has-text(\"Message\")") to be visible

2024-08-15 08:05:59,554 - INFO - Screenshot saved: screenshots/message_error_alexlikesbiz_20240815_080559.png
2024-08-15 08:06:15,082 - INFO - 
Summary:
2024-08-15 08:06:15,082 - INFO - Successfully sent messages to: []
2024-08-15 08:06:15,082 - INFO - Failed to send messages to: ['alexlikesbiz']
2024-08-15 08:06:15,091 - INFO - 127.0.0.1 - - [15/Aug/2024 08:06:15] "POST /send_messages HTTP/1.1" 200 -
2024-08-15 08:06:23,771 - INFO -  * Detected change in '/workspaces/dms/flask/test.py', reloading
2024-08-15 08:06:23,841 - INFO -  * Restarting with stat
2024-08-15 08:06:24,437 - WARNING -  * Debugger is active!
2024-08-15 08:06:24,438 - INFO -  * Debugger PIN: 141-997-609
2024-08-15 08:06:36,630 - INFO -  * Detected change in '/workspaces/dms/flask/test.py', reloading
2024-08-15 08:06:36,708 - INFO -  * Restarting with stat
2024-08-15 08:06:37,146 - WARNING -  * Debugger is active!
2024-08-15 08:06:37,147 - INFO -  * Debugger PIN: 141-997-609
2024-08-15 08:06:41,825 - INFO -  * Detected change in '/workspaces/dms/flask/test.py', reloading
2024-08-15 08:06:41,885 - INFO -  * Restarting with stat
2024-08-15 08:06:42,371 - WARNING -  * Debugger is active!
2024-08-15 08:06:42,371 - INFO -  * Debugger PIN: 141-997-609
2024-08-15 08:06:47,250 - INFO -  * Detected change in '/workspaces/dms/flask/test.py', reloading
2024-08-15 08:06:47,306 - INFO -  * Restarting with stat
2024-08-15 08:06:47,844 - WARNING -  * Debugger is active!
2024-08-15 08:06:47,845 - INFO -  * Debugger PIN: 141-997-609
2024-08-15 08:06:55,924 - INFO -  * Detected change in '/workspaces/dms/flask/test.py', reloading
2024-08-15 08:06:55,976 - INFO -  * Restarting with stat
2024-08-15 08:06:56,484 - WARNING -  * Debugger is active!
2024-08-15 08:06:56,486 - INFO -  * Debugger PIN: 141-997-609
2024-08-15 08:07:06,123 - INFO -  * Detected change in '/workspaces/dms/flask/test.py', reloading
2024-08-15 08:07:06,176 - INFO -  * Restarting with stat
2024-08-15 08:07:06,587 - WARNING -  * Debugger is active!
2024-08-15 08:07:06,588 - INFO -  * Debugger PIN: 141-997-609
2024-08-15 08:07:16,087 - INFO -  * Detected change in '/workspaces/dms/flask/test.py', reloading
2024-08-15 08:07:16,148 - INFO -  * Restarting with stat
2024-08-15 08:07:16,565 - WARNING -  * Debugger is active!
2024-08-15 08:07:16,566 - INFO -  * Debugger PIN: 141-997-609
2024-08-15 15:14:00,409 - INFO - [31m[1mWARNING: This is a development server. Do not use it in a production deployment. Use a production WSGI server instead.[0m
 * Running on http://127.0.0.1:5000
2024-08-15 15:14:00,410 - INFO - [33mPress CTRL+C to quit[0m
2024-08-15 15:14:00,411 - INFO -  * Restarting with stat
2024-08-15 15:14:00,797 - WARNING -  * Debugger is active!
2024-08-15 15:14:00,800 - INFO -  * Debugger PIN: 500-660-678
2024-08-15 15:14:11,420 - INFO - 127.0.0.1 - - [15/Aug/2024 15:14:11] "GET / HTTP/1.1" 200 -
2024-08-15 15:24:27,267 - INFO - 127.0.0.1 - - [15/Aug/2024 15:24:27] "[33mGET /favicon.ico HTTP/1.1[0m" 404 -
2024-08-15 15:24:32,294 - INFO - 127.0.0.1 - - [15/Aug/2024 15:24:32] "[35m[1mPOST / HTTP/1.1[0m" 500 -
2024-08-15 15:24:32,655 - INFO - 127.0.0.1 - - [15/Aug/2024 15:24:32] "GET /?__debugger__=yes&cmd=resource&f=style.css HTTP/1.1" 200 -
2024-08-15 15:24:34,653 - INFO - 127.0.0.1 - - [15/Aug/2024 15:24:34] "GET /?__debugger__=yes&cmd=resource&f=debugger.js HTTP/1.1" 200 -
2024-08-15 15:24:35,566 - INFO - 127.0.0.1 - - [15/Aug/2024 15:24:35] "GET /?__debugger__=yes&cmd=resource&f=console.png HTTP/1.1" 200 -
2024-08-15 15:24:37,917 - INFO - 127.0.0.1 - - [15/Aug/2024 15:24:37] "[36mGET /?__debugger__=yes&cmd=resource&f=console.png HTTP/1.1[0m" 304 -
2024-08-15 15:25:57,587 - INFO -  * Detected change in '/workspaces/dms/flask/send.py', reloading
2024-08-15 15:25:57,642 - INFO -  * Restarting with stat
2024-08-15 15:25:58,115 - WARNING -  * Debugger is active!
2024-08-15 15:25:58,115 - INFO -  * Debugger PIN: 500-660-678
2024-08-15 15:26:56,491 - INFO - 127.0.0.1 - - [15/Aug/2024 15:26:56] "[33mGET /favicon.ico HTTP/1.1[0m" 404 -
2024-08-15 15:27:00,239 - INFO - Cookies loaded successfully
2024-08-15 15:27:08,271 - ERROR - Error during login validation: Page.goto: net::ERR_TIMED_OUT at https://www.instagram.com/
Call log:
navigating to "https://www.instagram.com/", waiting until "load"

2024-08-15 15:27:08,517 - INFO - Screenshot saved: screenshots/login_validation_error_20240815_152708.png
2024-08-15 15:27:08,517 - ERROR - Login unsuccessful. Cookies may be expired.
2024-08-15 15:27:08,517 - ERROR - Login failed. Exiting.
2024-08-15 15:27:08,573 - INFO - 127.0.0.1 - - [15/Aug/2024 15:27:08] "[32mPOST / HTTP/1.1[0m" 302 -
2024-08-15 15:27:09,112 - INFO - 127.0.0.1 - - [15/Aug/2024 15:27:09] "GET / HTTP/1.1" 200 -
2024-08-15 15:36:36,296 - INFO -  * Detected change in '/workspaces/dms/flask/send.py', reloading
2024-08-15 15:36:36,335 - INFO -  * Restarting with stat
2024-08-15 15:37:03,859 - INFO - [31m[1mWARNING: This is a development server. Do not use it in a production deployment. Use a production WSGI server instead.[0m
 * Running on http://127.0.0.1:5000
2024-08-15 15:37:03,859 - INFO - [33mPress CTRL+C to quit[0m
2024-08-15 15:37:03,859 - INFO -  * Restarting with stat
2024-08-15 15:37:04,155 - WARNING -  * Debugger is active!
2024-08-15 15:37:04,156 - INFO -  * Debugger PIN: 500-660-678
2024-08-15 15:37:08,101 - INFO - 127.0.0.1 - - [15/Aug/2024 15:37:08] "GET / HTTP/1.1" 200 -
2024-08-15 15:38:38,639 - ERROR - Error during login: Page.goto: net::ERR_TIMED_OUT at https://www.instagram.com/accounts/login/
Call log:
navigating to "https://www.instagram.com/accounts/login/", waiting until "load"

2024-08-15 15:38:38,777 - INFO - Screenshot saved: screenshots/login_error_20240815_153838.png
2024-08-15 15:38:38,778 - ERROR - Login failed. Exiting.
2024-08-15 15:38:38,834 - INFO - 127.0.0.1 - - [15/Aug/2024 15:38:38] "[35m[1mPOST / HTTP/1.1[0m" 500 -
2024-08-15 15:38:39,529 - INFO - 127.0.0.1 - - [15/Aug/2024 15:38:39] "[36mGET /?__debugger__=yes&cmd=resource&f=style.css HTTP/1.1[0m" 304 -
2024-08-15 15:38:39,574 - INFO - 127.0.0.1 - - [15/Aug/2024 15:38:39] "[36mGET /?__debugger__=yes&cmd=resource&f=debugger.js HTTP/1.1[0m" 304 -
2024-08-15 15:38:39,973 - INFO - 127.0.0.1 - - [15/Aug/2024 15:38:39] "[36mGET /?__debugger__=yes&cmd=resource&f=console.png HTTP/1.1[0m" 304 -
2024-08-15 15:38:40,416 - INFO - 127.0.0.1 - - [15/Aug/2024 15:38:40] "[36mGET /?__debugger__=yes&cmd=resource&f=console.png HTTP/1.1[0m" 304 -
2024-08-15 15:43:29,801 - INFO -  * Detected change in '/workspaces/dms/flask/send.py', reloading
2024-08-15 15:43:29,862 - INFO -  * Restarting with stat
2024-08-15 15:43:30,335 - WARNING -  * Debugger is active!
2024-08-15 15:43:30,336 - INFO -  * Debugger PIN: 500-660-678
2024-08-15 15:43:41,196 - INFO - 127.0.0.1 - - [15/Aug/2024 15:43:41] "GET / HTTP/1.1" 200 -
2024-08-15 15:44:21,326 - ERROR - Error during login: Page.goto: net::ERR_TIMED_OUT at https://www.instagram.com/accounts/login/
Call log:
navigating to "https://www.instagram.com/accounts/login/", waiting until "load"

2024-08-15 15:44:21,445 - INFO - Screenshot saved: screenshots/login_error_20240815_154421.png
2024-08-15 15:44:21,445 - ERROR - Login failed. Exiting.
2024-08-15 15:44:21,518 - INFO - 127.0.0.1 - - [15/Aug/2024 15:44:21] "[35m[1mPOST / HTTP/1.1[0m" 500 -
2024-08-15 15:44:23,418 - INFO - 127.0.0.1 - - [15/Aug/2024 15:44:23] "[36mGET /?__debugger__=yes&cmd=resource&f=style.css HTTP/1.1[0m" 304 -
2024-08-15 15:44:23,441 - INFO - 127.0.0.1 - - [15/Aug/2024 15:44:23] "[36mGET /?__debugger__=yes&cmd=resource&f=debugger.js HTTP/1.1[0m" 304 -
2024-08-15 15:44:24,232 - INFO - 127.0.0.1 - - [15/Aug/2024 15:44:24] "[36mGET /?__debugger__=yes&cmd=resource&f=console.png HTTP/1.1[0m" 304 -
2024-08-15 15:44:24,638 - INFO - 127.0.0.1 - - [15/Aug/2024 15:44:24] "[36mGET /?__debugger__=yes&cmd=resource&f=console.png HTTP/1.1[0m" 304 -
2024-08-15 15:44:40,210 - ERROR - Error during login: Page.goto: net::ERR_TIMED_OUT at https://www.instagram.com/accounts/login/
Call log:
navigating to "https://www.instagram.com/accounts/login/", waiting until "load"

2024-08-15 15:44:40,328 - INFO - Screenshot saved: screenshots/login_error_20240815_154440.png
2024-08-15 15:44:40,328 - ERROR - Login failed. Exiting.
2024-08-15 15:44:40,387 - INFO - 127.0.0.1 - - [15/Aug/2024 15:44:40] "[35m[1mPOST / HTTP/1.1[0m" 500 -
2024-08-15 15:44:40,874 - INFO - 127.0.0.1 - - [15/Aug/2024 15:44:40] "[36mGET /?__debugger__=yes&cmd=resource&f=style.css HTTP/1.1[0m" 304 -
2024-08-15 15:44:41,054 - INFO - 127.0.0.1 - - [15/Aug/2024 15:44:41] "[36mGET /?__debugger__=yes&cmd=resource&f=debugger.js HTTP/1.1[0m" 304 -
2024-08-15 15:44:41,357 - INFO - 127.0.0.1 - - [15/Aug/2024 15:44:41] "[36mGET /?__debugger__=yes&cmd=resource&f=console.png HTTP/1.1[0m" 304 -
2024-08-15 15:44:42,020 - INFO - 127.0.0.1 - - [15/Aug/2024 15:44:42] "[36mGET /?__debugger__=yes&cmd=resource&f=console.png HTTP/1.1[0m" 304 -
2024-08-15 15:46:36,199 - INFO -  * Detected change in '/workspaces/dms/flask/send.py', reloading
2024-08-15 15:46:36,251 - INFO -  * Restarting with stat
2024-08-15 15:50:27,465 - INFO - [31m[1mWARNING: This is a development server. Do not use it in a production deployment. Use a production WSGI server instead.[0m
 * Running on http://127.0.0.1:5000
2024-08-15 15:50:27,466 - INFO - [33mPress CTRL+C to quit[0m
2024-08-15 15:50:27,466 - INFO -  * Restarting with stat
2024-08-15 15:50:27,924 - WARNING -  * Debugger is active!
2024-08-15 15:50:27,924 - INFO -  * Debugger PIN: 500-660-678
2024-08-15 15:50:36,105 - INFO - 127.0.0.1 - - [15/Aug/2024 15:50:36] "[32mPOST / HTTP/1.1[0m" 302 -
2024-08-15 15:50:38,191 - INFO - 127.0.0.1 - - [15/Aug/2024 15:50:38] "GET / HTTP/1.1" 200 -
2024-08-16 08:00:16,885 - INFO - Starting Flask application
2024-08-16 08:00:16,896 - WARNING -  * Debugger is active!
2024-08-16 08:00:16,900 - INFO -  * Debugger PIN: 108-662-938
2024-08-16 08:01:23,746 - INFO - Received request to send DMs
2024-08-16 08:01:23,747 - INFO - Received 1 contacts from input
2024-08-16 08:01:23,748 - INFO - Read cookies content from uploaded file
2024-08-16 08:01:23,749 - INFO - Saved cookies to temporary file: /workspaces/dms/flask/temp_session_20240816080123.json
2024-08-16 08:01:23,749 - INFO - Custom message: hey
2024-08-16 08:01:23,750 - INFO - Starting DM sending process
2024-08-16 08:01:23,750 - ERROR - An error occurred during the DM sending process: main() takes 2 positional arguments but 3 were given
Traceback (most recent call last):
  File "/workspaces/dms/flask/app.py", line 77, in send_dms
    result = asyncio.run(send_dm_messages(messages, contacts, cookies_path))
TypeError: main() takes 2 positional arguments but 3 were given
2024-08-16 08:01:23,751 - INFO - 127.0.0.1 - - [16/Aug/2024 08:01:23] "[35m[1mPOST /send-dms HTTP/1.1[0m" 500 -
2024-08-16 08:01:35,777 - INFO - Received request to send DMs
2024-08-16 08:01:35,779 - INFO - Received 1 contacts from input
2024-08-16 08:01:35,779 - INFO - Read cookies content from uploaded file
2024-08-16 08:01:35,780 - INFO - Saved cookies to temporary file: /workspaces/dms/flask/temp_session_20240816080135.json
2024-08-16 08:01:35,780 - INFO - Custom message: hey
2024-08-16 08:01:35,781 - INFO - Starting DM sending process
2024-08-16 08:01:35,781 - ERROR - An error occurred during the DM sending process: main() takes 2 positional arguments but 3 were given
Traceback (most recent call last):
  File "/workspaces/dms/flask/app.py", line 77, in send_dms
    result = asyncio.run(send_dm_messages(messages, contacts, cookies_path))
TypeError: main() takes 2 positional arguments but 3 were given
2024-08-16 08:01:35,782 - INFO - 127.0.0.1 - - [16/Aug/2024 08:01:35] "[35m[1mPOST /send-dms HTTP/1.1[0m" 500 -
2024-08-16 08:02:26,108 - INFO - Rendering index page
2024-08-16 08:02:26,112 - INFO - 127.0.0.1 - - [16/Aug/2024 08:02:26] "GET / HTTP/1.1" 200 -
2024-08-16 08:02:47,755 - INFO - Received request to send DMs
2024-08-16 08:02:47,756 - INFO - Received 1 contacts from input
2024-08-16 08:02:47,756 - INFO - Read cookies content from uploaded file
2024-08-16 08:02:47,757 - INFO - Saved cookies to temporary file: /workspaces/dms/flask/temp_session_20240816080247.json
2024-08-16 08:02:47,757 - INFO - Custom message: hey
2024-08-16 08:02:47,757 - INFO - Starting DM sending process
2024-08-16 08:02:47,757 - ERROR - An error occurred during the DM sending process: main() takes 2 positional arguments but 3 were given
Traceback (most recent call last):
  File "/workspaces/dms/flask/app.py", line 77, in send_dms
    result = asyncio.run(send_dm_messages(messages, contacts, cookies_path))
TypeError: main() takes 2 positional arguments but 3 were given
2024-08-16 08:02:47,757 - INFO - 127.0.0.1 - - [16/Aug/2024 08:02:47] "[35m[1mPOST /send-dms HTTP/1.1[0m" 500 -
2024-08-16 08:03:32,035 - INFO - Starting Flask application
2024-08-16 08:03:32,047 - INFO - [31m[1mWARNING: This is a development server. Do not use it in a production deployment. Use a production WSGI server instead.[0m
 * Running on http://127.0.0.1:5000
2024-08-16 08:03:32,048 - INFO - [33mPress CTRL+C to quit[0m
2024-08-16 08:03:32,048 - INFO -  * Restarting with stat
2024-08-16 08:03:32,311 - INFO - Starting Flask application
2024-08-16 08:03:32,317 - WARNING -  * Debugger is active!
2024-08-16 08:03:32,317 - INFO -  * Debugger PIN: 108-662-938
2024-08-16 08:03:37,292 - INFO - Received request to send DMs
2024-08-16 08:03:37,293 - INFO - Received 1 contacts from input
2024-08-16 08:03:37,294 - INFO - Read cookies content from uploaded file
2024-08-16 08:03:37,294 - INFO - Saved cookies to temporary file: /workspaces/dms/flask/temp_session_20240816080337.json
2024-08-16 08:03:37,295 - INFO - Custom message: hey
2024-08-16 08:03:37,295 - INFO - Starting DM sending process
2024-08-16 08:03:37,295 - ERROR - An error occurred during the DM sending process: main() takes 2 positional arguments but 3 were given
Traceback (most recent call last):
  File "/workspaces/dms/flask/app.py", line 77, in send_dms
    result = asyncio.run(send_dm_messages(messages, contacts, cookies_path))
TypeError: main() takes 2 positional arguments but 3 were given
2024-08-16 08:03:37,296 - INFO - 127.0.0.1 - - [16/Aug/2024 08:03:37] "[35m[1mPOST /send-dms HTTP/1.1[0m" 500 -
2024-08-16 08:03:37,782 - INFO - Received request to send DMs
2024-08-16 08:03:37,783 - INFO - Received 1 contacts from input
2024-08-16 08:03:37,784 - INFO - Read cookies content from uploaded file
2024-08-16 08:03:37,785 - INFO - Saved cookies to temporary file: /workspaces/dms/flask/temp_session_20240816080337.json
2024-08-16 08:03:37,785 - INFO - Custom message: hey
2024-08-16 08:03:37,785 - INFO - Starting DM sending process
2024-08-16 08:03:37,786 - ERROR - An error occurred during the DM sending process: main() takes 2 positional arguments but 3 were given
Traceback (most recent call last):
  File "/workspaces/dms/flask/app.py", line 77, in send_dms
    result = asyncio.run(send_dm_messages(messages, contacts, cookies_path))
TypeError: main() takes 2 positional arguments but 3 were given
2024-08-16 08:03:37,787 - INFO - 127.0.0.1 - - [16/Aug/2024 08:03:37] "[35m[1mPOST /send-dms HTTP/1.1[0m" 500 -
2024-08-16 08:04:44,147 - INFO - Received request to send DMs
2024-08-16 08:04:44,149 - INFO - Received 1 contacts from input
2024-08-16 08:04:44,149 - INFO - Read cookies content from uploaded file
2024-08-16 08:04:44,150 - INFO - Saved cookies to temporary file: /workspaces/dms/flask/temp_session_20240816080444.json
2024-08-16 08:04:44,150 - INFO - Custom message: hey whatsup
2024-08-16 08:04:44,151 - INFO - Starting DM sending process
2024-08-16 08:04:44,151 - ERROR - An error occurred during the DM sending process: main() takes 2 positional arguments but 3 were given
Traceback (most recent call last):
  File "/workspaces/dms/flask/app.py", line 77, in send_dms
    result = asyncio.run(send_dm_messages(messages, contacts, cookies_path))
TypeError: main() takes 2 positional arguments but 3 were given
2024-08-16 08:04:44,152 - INFO - 127.0.0.1 - - [16/Aug/2024 08:04:44] "[35m[1mPOST /send-dms HTTP/1.1[0m" 500 -
2024-08-16 08:05:19,283 - INFO - Received request to send DMs
2024-08-16 08:05:19,284 - INFO - Received 1 contacts from input
2024-08-16 08:05:19,284 - INFO - Read cookies content from uploaded file
2024-08-16 08:05:19,285 - INFO - Saved cookies to temporary file: /workspaces/dms/flask/temp_session_20240816080519.json
2024-08-16 08:05:19,285 - INFO - Custom message: hey whatsup
2024-08-16 08:05:19,285 - INFO - Starting DM sending process
2024-08-16 08:05:19,285 - ERROR - An error occurred during the DM sending process: main() takes 2 positional arguments but 3 were given
Traceback (most recent call last):
  File "/workspaces/dms/flask/app.py", line 77, in send_dms
    result = asyncio.run(send_dm_messages(messages, contacts, cookies_path))
TypeError: main() takes 2 positional arguments but 3 were given
2024-08-16 08:05:19,285 - INFO - 127.0.0.1 - - [16/Aug/2024 08:05:19] "[35m[1mPOST /send-dms HTTP/1.1[0m" 500 -
2024-08-16 08:07:37,746 - INFO -  * Detected change in '/workspaces/dms/flask/app.py', reloading
2024-08-16 08:07:37,807 - INFO -  * Restarting with stat
2024-08-16 08:07:38,096 - send_logger - INFO - This script should be imported and not run directly
2024-08-16 08:08:01,569 - send_logger - INFO - This script should be imported and not run directly
2024-08-16 08:09:44,779 - send_logger - INFO - This script should be imported and not run directly
2024-08-16 08:11:20,501 - send_logger - INFO - This script should be imported and not run directly
2024-08-16 08:11:37,256 - app_logger - INFO - Starting Flask application
2024-08-16 08:11:42,355 - app_logger - INFO - Received request to send DMs
2024-08-16 08:11:42,361 - app_logger - INFO - Received 1 contacts from input
2024-08-16 08:11:42,361 - app_logger - INFO - Read cookies content from uploaded file
2024-08-16 08:11:42,364 - app_logger - INFO - Saved cookies to temporary file: /workspaces/dms/flask/temp_session_20240816081142.json
2024-08-16 08:11:42,364 - app_logger - INFO - Custom message: hey whatsup
2024-08-16 08:11:42,369 - app_logger - INFO - Starting DM sending process
2024-08-16 08:11:42,371 - send_logger - INFO - Starting DM sending process for 1 contacts
2024-08-16 08:11:42,867 - send_logger - INFO - Launching browser
2024-08-16 08:11:43,050 - send_logger - INFO - Loading cookies from /workspaces/dms/flask/temp_session_20240816081142.json
2024-08-16 08:11:43,102 - send_logger - INFO - Cookies loaded successfully
2024-08-16 08:11:43,206 - send_logger - INFO - Navigating to Instagram
2024-08-16 08:11:49,453 - send_logger - INFO - Checking login status
2024-08-16 08:11:49,500 - send_logger - INFO - Successfully logged in
2024-08-16 08:11:49,500 - send_logger - INFO - Attempting to send message to alexlikesbiz
2024-08-16 08:11:53,152 - send_logger - INFO - Navigating to DM page for alexlikesbiz
2024-08-16 08:12:00,624 - send_logger - INFO - Searching for user
2024-08-16 08:12:30,626 - send_logger - ERROR - Error sending message to alexlikesbiz: Page.fill: Timeout 30000ms exceeded.
Call log:
waiting for locator("input[name=\"queryBox\"]")

2024-08-16 08:12:30,709 - send_logger - INFO - Browser closed
2024-08-16 08:12:30,716 - app_logger - INFO - Removed temporary cookies file: /workspaces/dms/flask/temp_session_20240816081142.json
2024-08-16 08:12:30,716 - app_logger - INFO - DM sending process completed. Success: 0, Failed: 1
2024-08-16 08:15:25,240 - app_logger - INFO - Received request to send DMs
2024-08-16 08:15:25,241 - app_logger - INFO - Received 1 contacts from input
2024-08-16 08:15:25,242 - app_logger - INFO - Read cookies content from uploaded file
2024-08-16 08:15:25,242 - app_logger - INFO - Saved cookies to temporary file: /workspaces/dms/flask/temp_session_20240816081525.json
2024-08-16 08:15:25,242 - app_logger - INFO - Custom message: hey whatsup
2024-08-16 08:15:25,242 - app_logger - INFO - Starting DM sending process
2024-08-16 08:15:25,242 - send_logger - INFO - Starting DM sending process for 1 contacts
2024-08-16 08:15:25,499 - send_logger - INFO - Launching browser
2024-08-16 08:15:25,605 - send_logger - INFO - Loading cookies from /workspaces/dms/flask/temp_session_20240816081525.json
2024-08-16 08:15:25,643 - send_logger - INFO - Cookies loaded successfully
2024-08-16 08:15:25,696 - send_logger - INFO - Navigating to Instagram
2024-08-16 08:15:30,639 - send_logger - INFO - Checking login status
2024-08-16 08:15:30,759 - send_logger - INFO - Successfully logged in
2024-08-16 08:15:30,760 - send_logger - INFO - Attempting to send message to alexlikesbiz
2024-08-16 08:15:34,020 - send_logger - INFO - Navigating to DM page for alexlikesbiz
2024-08-16 08:15:42,358 - send_logger - INFO - Searching for user
2024-08-16 08:16:12,360 - send_logger - ERROR - Error sending message to alexlikesbiz: Page.fill: Timeout 30000ms exceeded.
Call log:
waiting for locator("input[name=\"queryBox\"]")

2024-08-16 08:16:12,436 - send_logger - INFO - Browser closed
2024-08-16 08:16:12,443 - app_logger - INFO - Removed temporary cookies file: /workspaces/dms/flask/temp_session_20240816081525.json
2024-08-16 08:16:12,443 - app_logger - INFO - DM sending process completed. Success: 0, Failed: 1
2024-08-16 08:17:51,675 - app_logger - INFO - Rendering index page
2024-08-16 08:18:12,200 - app_logger - INFO - Received request to send DMs
2024-08-16 08:18:12,201 - app_logger - INFO - Received 1 contacts from input
2024-08-16 08:18:12,202 - app_logger - INFO - Read cookies content from uploaded file
2024-08-16 08:18:12,202 - app_logger - INFO - Saved cookies to temporary file: /workspaces/dms/flask/temp_session_20240816081812.json
2024-08-16 08:18:12,203 - app_logger - INFO - Custom message: whatsup
2024-08-16 08:18:12,203 - app_logger - INFO - Starting DM sending process
2024-08-16 08:18:12,203 - send_logger - INFO - Starting DM sending process for 1 contacts
2024-08-16 08:18:12,519 - send_logger - INFO - Launching browser
2024-08-16 08:18:12,620 - send_logger - INFO - Loading cookies from /workspaces/dms/flask/temp_session_20240816081812.json
2024-08-16 08:18:12,660 - send_logger - INFO - Cookies loaded successfully
2024-08-16 08:18:12,737 - send_logger - INFO - Navigating to Instagram
2024-08-16 08:18:17,356 - send_logger - INFO - Checking login status
2024-08-16 08:18:17,524 - send_logger - INFO - Successfully logged in
2024-08-16 08:18:17,524 - send_logger - INFO - Attempting to send message to alexlikesbiz
2024-08-16 08:18:20,808 - send_logger - INFO - Navigating to DM page for alexlikesbiz
2024-08-16 08:18:28,206 - send_logger - INFO - Searching for user
2024-08-16 08:18:58,209 - send_logger - ERROR - Error sending message to alexlikesbiz: Page.fill: Timeout 30000ms exceeded.
Call log:
waiting for locator("input[name=\"queryBox\"]")

2024-08-16 08:18:58,271 - send_logger - INFO - Browser closed
2024-08-16 08:18:58,279 - app_logger - INFO - Removed temporary cookies file: /workspaces/dms/flask/temp_session_20240816081812.json
2024-08-16 08:18:58,279 - app_logger - INFO - DM sending process completed. Success: 0, Failed: 1
2024-08-16 08:20:10,534 - app_logger - INFO - Received request to send DMs
2024-08-16 08:20:10,535 - app_logger - INFO - Received 1 contacts from input
2024-08-16 08:20:10,535 - app_logger - INFO - Read cookies content from uploaded file
2024-08-16 08:20:10,535 - app_logger - INFO - Saved cookies to temporary file: /workspaces/dms/flask/temp_session_20240816082010.json
2024-08-16 08:20:10,535 - app_logger - INFO - Custom message: whatsup
2024-08-16 08:20:10,536 - app_logger - INFO - Starting DM sending process
2024-08-16 08:20:10,536 - send_logger - INFO - Starting DM sending process for 1 contacts
2024-08-16 08:20:10,768 - send_logger - INFO - Launching browser
2024-08-16 08:20:10,874 - send_logger - INFO - Loading cookies from /workspaces/dms/flask/temp_session_20240816082010.json
2024-08-16 08:20:10,910 - send_logger - INFO - Cookies loaded successfully
2024-08-16 08:20:10,962 - send_logger - INFO - Navigating to Instagram
2024-08-16 08:20:15,937 - send_logger - INFO - Checking login status
2024-08-16 08:20:16,099 - send_logger - INFO - Successfully logged in
2024-08-16 08:20:16,099 - send_logger - INFO - Attempting to send message to alexlikesbiz
2024-08-16 08:20:19,446 - send_logger - INFO - Navigating to DM page for alexlikesbiz
2024-08-16 08:20:26,379 - send_logger - INFO - Searching for user
2024-08-16 08:20:56,381 - send_logger - ERROR - Error sending message to alexlikesbiz: Page.fill: Timeout 30000ms exceeded.
Call log:
waiting for locator("input[name=\"queryBox\"]")

2024-08-16 08:20:56,454 - send_logger - INFO - Browser closed
2024-08-16 08:20:56,465 - app_logger - INFO - Removed temporary cookies file: /workspaces/dms/flask/temp_session_20240816082010.json
2024-08-16 08:20:56,465 - app_logger - INFO - DM sending process completed. Success: 0, Failed: 1
2024-08-16 08:21:53,979 - app_logger - INFO - Received request to send DMs
2024-08-16 08:21:53,980 - app_logger - INFO - Received 1 contacts from input
2024-08-16 08:21:53,981 - app_logger - INFO - Read cookies content from uploaded file
2024-08-16 08:21:53,981 - app_logger - INFO - Saved cookies to temporary file: /workspaces/dms/flask/temp_session_20240816082153.json
2024-08-16 08:21:53,981 - app_logger - INFO - Custom message: whatsup
2024-08-16 08:21:53,981 - app_logger - INFO - Starting DM sending process
2024-08-16 08:21:53,981 - send_logger - INFO - Starting DM sending process for 1 contacts
2024-08-16 08:21:54,225 - send_logger - INFO - Launching browser
2024-08-16 08:21:54,325 - send_logger - INFO - Loading cookies from /workspaces/dms/flask/temp_session_20240816082153.json
2024-08-16 08:21:54,363 - send_logger - INFO - Cookies loaded successfully
2024-08-16 08:21:54,412 - send_logger - INFO - Navigating to Instagram
2024-08-16 08:22:00,628 - send_logger - INFO - Checking login status
2024-08-16 08:22:00,667 - send_logger - INFO - Successfully logged in
2024-08-16 08:22:00,667 - send_logger - INFO - Attempting to send message to alexlikesbiz
2024-08-16 08:22:04,222 - send_logger - INFO - Navigating to DM page for alexlikesbiz
2024-08-16 08:22:11,479 - send_logger - INFO - Searching for user
2024-08-16 08:22:41,482 - send_logger - ERROR - Error sending message to alexlikesbiz: Page.fill: Timeout 30000ms exceeded.
Call log:
waiting for locator("input[name=\"queryBox\"]")

2024-08-16 08:22:41,538 - send_logger - INFO - Browser closed
2024-08-16 08:22:41,544 - app_logger - INFO - Removed temporary cookies file: /workspaces/dms/flask/temp_session_20240816082153.json
2024-08-16 08:22:41,545 - app_logger - INFO - DM sending process completed. Success: 0, Failed: 1
2024-08-16 08:24:04,725 - app_logger - INFO - Starting Flask application
2024-08-16 08:24:10,014 - app_logger - INFO - Received request to send DMs
2024-08-16 08:24:10,015 - app_logger - INFO - Received 1 contacts from input
2024-08-16 08:24:10,016 - app_logger - INFO - Read cookies content from uploaded file
2024-08-16 08:24:10,017 - app_logger - INFO - Saved cookies to temporary file: /workspaces/dms/flask/temp_session_20240816082410.json
2024-08-16 08:24:10,017 - app_logger - INFO - Custom message: whatsup
2024-08-16 08:24:10,017 - app_logger - INFO - Starting DM sending process
2024-08-16 08:24:10,018 - send_logger - INFO - Starting DM sending process for 1 contacts
2024-08-16 08:24:10,427 - send_logger - INFO - Cookies loaded successfully
2024-08-16 08:24:16,130 - send_logger - INFO - Navigated to Instagram
2024-08-16 08:24:16,183 - send_logger - INFO - Successfully logged in
2024-08-16 08:24:16,183 - send_logger - INFO - Attempting to send message to alexlikesbiz
2024-08-16 08:24:19,746 - send_logger - INFO - Navigated to alexlikesbiz's profile
2024-08-16 08:25:19,756 - send_logger - ERROR - Timeout waiting for selector: div[role="button"]:has-text("Message")
2024-08-16 08:25:19,756 - send_logger - ERROR - Error sending message to alexlikesbiz: Message button not found
2024-08-16 08:25:23,940 - send_logger - INFO - Browser closed
2024-08-16 08:25:23,957 - app_logger - INFO - Removed temporary cookies file: /workspaces/dms/flask/temp_session_20240816082410.json
2024-08-16 08:25:23,958 - app_logger - INFO - DM sending process completed. Success: 0, Failed: 1
2024-08-16 08:25:44,507 - app_logger - INFO - Received request to send DMs
2024-08-16 08:25:44,509 - app_logger - INFO - Received 1 contacts from input
2024-08-16 08:25:44,509 - app_logger - INFO - Read cookies content from uploaded file
2024-08-16 08:25:44,510 - app_logger - INFO - Saved cookies to temporary file: /workspaces/dms/flask/temp_session_20240816082544.json
2024-08-16 08:25:44,511 - app_logger - INFO - Custom message: whatsup
2024-08-16 08:25:44,511 - app_logger - INFO - Starting DM sending process
2024-08-16 08:25:44,512 - send_logger - INFO - Starting DM sending process for 1 contacts
2024-08-16 08:25:45,545 - send_logger - INFO - Cookies loaded successfully
2024-08-16 08:25:52,402 - send_logger - INFO - Navigated to Instagram
2024-08-16 08:25:52,474 - send_logger - INFO - Successfully logged in
2024-08-16 08:25:52,475 - send_logger - INFO - Attempting to send message to alexlikesbiz
2024-08-16 08:25:56,538 - send_logger - INFO - Navigated to alexlikesbiz's profile
2024-08-16 08:26:56,541 - send_logger - ERROR - Timeout waiting for selector: div[role="button"]:has-text("Message")
2024-08-16 08:26:56,542 - send_logger - ERROR - Error sending message to alexlikesbiz: Message button not found
2024-08-16 08:27:00,021 - send_logger - INFO - Browser closed
2024-08-16 08:27:00,028 - app_logger - INFO - Removed temporary cookies file: /workspaces/dms/flask/temp_session_20240816082544.json
2024-08-16 08:27:00,028 - app_logger - INFO - DM sending process completed. Success: 0, Failed: 1
2024-08-16 08:30:55,821 - INFO - Starting Flask application
2024-08-16 08:30:55,834 - INFO - [31m[1mWARNING: This is a development server. Do not use it in a production deployment. Use a production WSGI server instead.[0m
 * Running on http://127.0.0.1:5000
2024-08-16 08:30:55,834 - INFO - [33mPress CTRL+C to quit[0m
2024-08-16 08:30:55,835 - INFO -  * Restarting with stat
2024-08-16 08:30:56,095 - INFO - Starting Flask application
2024-08-16 08:30:56,102 - WARNING -  * Debugger is active!
2024-08-16 08:30:56,102 - INFO -  * Debugger PIN: 108-662-938
2024-08-16 08:31:02,151 - INFO - Received request to send DMs
2024-08-16 08:31:02,153 - INFO - Received 1 contacts from input
2024-08-16 08:31:02,153 - INFO - Read cookies content from uploaded file
2024-08-16 08:31:02,154 - INFO - Saved cookies to temporary file: /workspaces/dms/flask/temp_session_20240816083102.json
2024-08-16 08:31:02,154 - INFO - Custom message: whatsup
2024-08-16 08:31:02,154 - INFO - Starting DM sending process
2024-08-16 08:31:02,154 - ERROR - An error occurred during the DM sending process: main() takes 2 positional arguments but 3 were given
Traceback (most recent call last):
  File "/workspaces/dms/flask/app.py", line 77, in send_dms
    result = asyncio.run(send_dm_messages(messages, contacts, cookies_path))
TypeError: main() takes 2 positional arguments but 3 were given
2024-08-16 08:31:02,155 - INFO - 127.0.0.1 - - [16/Aug/2024 08:31:02] "[35m[1mPOST /send-dms HTTP/1.1[0m" 500 -
2024-08-16 08:33:35,295 - INFO -  * Detected change in '/workspaces/dms/flask/send.py', reloading
2024-08-16 08:33:35,353 - INFO -  * Restarting with stat
2024-08-16 08:33:35,731 - INFO - Starting Flask application
2024-08-16 08:33:35,740 - WARNING -  * Debugger is active!
2024-08-16 08:33:35,741 - INFO -  * Debugger PIN: 108-662-938
2024-08-16 08:33:37,386 - INFO -  * Detected change in '/workspaces/dms/flask/send.py', reloading
2024-08-16 08:33:37,485 - INFO -  * Restarting with stat
2024-08-16 08:33:37,941 - INFO - Starting Flask application
2024-08-16 08:33:37,950 - WARNING -  * Debugger is active!
2024-08-16 08:33:37,950 - INFO -  * Debugger PIN: 108-662-938
2024-08-16 08:33:47,931 - INFO - Received request to send DMs
2024-08-16 08:33:47,932 - INFO - Received 1 contacts from input
2024-08-16 08:33:47,932 - INFO - Read cookies content from uploaded file
2024-08-16 08:33:47,933 - INFO - Saved cookies to temporary file: /workspaces/dms/flask/temp_session_20240816083347.json
2024-08-16 08:33:47,933 - INFO - Custom message: whatsup
2024-08-16 08:33:47,933 - INFO - Starting DM sending process
2024-08-16 08:34:44,947 - INFO - Removed temporary cookies file: /workspaces/dms/flask/temp_session_20240816083347.json
2024-08-16 08:34:44,947 - INFO - DM sending process completed. Success: 0, Failed: 1
2024-08-16 08:34:44,947 - INFO - 127.0.0.1 - - [16/Aug/2024 08:34:44] "POST /send-dms HTTP/1.1" 200 -
2024-08-16 08:37:19,729 - INFO -  * Detected change in '/workspaces/dms/flask/send.py', reloading
2024-08-16 08:37:19,828 - INFO -  * Restarting with stat
2024-08-16 08:37:20,268 - INFO - Starting Flask application
2024-08-16 08:37:20,278 - WARNING -  * Debugger is active!
2024-08-16 08:37:20,278 - INFO -  * Debugger PIN: 108-662-938
2024-08-16 08:37:22,992 - INFO - Received request to send DMs
2024-08-16 08:37:22,997 - INFO - Received 1 contacts from input
2024-08-16 08:37:23,009 - INFO - Read cookies content from uploaded file
2024-08-16 08:37:23,009 - INFO - Saved cookies to temporary file: /workspaces/dms/flask/temp_session_20240816083723.json
2024-08-16 08:37:23,009 - INFO - Custom message: whatsup
2024-08-16 08:37:23,009 - INFO - Starting DM sending process
2024-08-16 08:37:23,010 - INFO - Starting DM sending process for 1 contacts
2024-08-16 08:37:23,673 - INFO - Cookies loaded successfully
2024-08-16 08:37:31,168 - INFO - Navigated to Instagram homepage
2024-08-16 08:37:31,241 - INFO - Successfully logged in
2024-08-16 08:37:31,242 - INFO - Attempting to send message to alexlikesbiz
2024-08-16 08:37:35,250 - INFO - Navigated to alexlikesbiz's profile
2024-08-16 08:37:35,286 - ERROR - Error sending message to alexlikesbiz: Message button not found
2024-08-16 08:37:35,397 - INFO - Browser closed successfully
2024-08-16 08:37:35,414 - INFO - Removed temporary cookies file: /workspaces/dms/flask/temp_session_20240816083723.json
2024-08-16 08:37:35,414 - INFO - DM sending process completed. Success: 0, Failed: 1
2024-08-16 08:37:35,414 - INFO - 127.0.0.1 - - [16/Aug/2024 08:37:35] "POST /send-dms HTTP/1.1" 200 -
2024-08-16 08:39:27,121 - INFO -  * Detected change in '/workspaces/dms/flask/send.py', reloading
2024-08-16 08:39:27,188 - INFO -  * Restarting with stat
2024-08-16 08:39:27,577 - INFO - Starting Flask application
2024-08-16 08:39:27,588 - WARNING -  * Debugger is active!
2024-08-16 08:39:27,588 - INFO -  * Debugger PIN: 108-662-938
2024-08-16 08:39:42,640 - INFO - Received request to send DMs
2024-08-16 08:39:42,641 - INFO - Received 1 contacts from input
2024-08-16 08:39:42,641 - INFO - Read cookies content from uploaded file
2024-08-16 08:39:42,641 - INFO - Saved cookies to temporary file: /workspaces/dms/flask/temp_session_20240816083942.json
2024-08-16 08:39:42,641 - INFO - Custom message: whatsup
2024-08-16 08:39:42,641 - INFO - Starting DM sending process
2024-08-16 08:39:42,642 - INFO - Starting DM sending process for 1 contacts
2024-08-16 08:39:43,031 - INFO - Cookies loaded successfully
2024-08-16 08:39:48,975 - INFO - Navigated to Instagram homepage
2024-08-16 08:39:49,084 - INFO - Successfully logged in
2024-08-16 08:39:49,085 - INFO - Attempting to send message to alexlikesbiz
2024-08-16 08:39:55,601 - INFO - Navigated to DM interface for alexlikesbiz
2024-08-16 08:40:05,603 - ERROR - Error sending message to alexlikesbiz: Page.wait_for_selector: Timeout 10000ms exceeded.
Call log:
waiting for locator("textarea[placeholder=\"Message...\"]") to be visible

2024-08-16 08:40:05,670 - INFO - Browser closed successfully
2024-08-16 08:40:05,676 - INFO - Removed temporary cookies file: /workspaces/dms/flask/temp_session_20240816083942.json
2024-08-16 08:40:05,676 - INFO - DM sending process completed. Success: 0, Failed: 1
2024-08-16 08:40:05,677 - INFO - 127.0.0.1 - - [16/Aug/2024 08:40:05] "POST /send-dms HTTP/1.1" 200 -
2024-08-16 08:41:35,500 - INFO -  * Detected change in '/workspaces/dms/flask/send.py', reloading
2024-08-16 08:41:35,541 - INFO -  * Restarting with stat
2024-08-16 08:41:36,020 - INFO - Starting Flask application
2024-08-16 08:41:36,027 - WARNING -  * Debugger is active!
2024-08-16 08:41:36,027 - INFO -  * Debugger PIN: 108-662-938
2024-08-16 08:41:56,390 - INFO -  * Detected change in '/workspaces/dms/flask/app.py', reloading
2024-08-16 08:41:56,439 - INFO -  * Restarting with stat
2024-08-16 08:43:49,781 - INFO -  * Restarting with stat
